2020-12-30 09:08:17,297 - ERROR - Exception occurred while trying to use pick for user input.
Traceback (most recent call last):
  File "/Users/qr/OneDrive - University College London/COMP0066 - Intro Programming/Coursework Project/programming-cw/code/gp_func/gp_utilities.py", line 19, in user_select
    choice, index = pick(choices, prompt)
  File "/Users/qr/OneDrive - University College London/COMP0066 - Intro Programming/Coursework Project/programming-cw/venv/lib/python3.8/site-packages/pick/__init__.py", line 195, in pick
    return picker.start()
  File "/Users/qr/OneDrive - University College London/COMP0066 - Intro Programming/Coursework Project/programming-cw/venv/lib/python3.8/site-packages/pick/__init__.py", line 181, in start
    return curses.wrapper(self._start)
  File "/Library/Frameworks/Python.framework/Versions/3.8/lib/python3.8/curses/__init__.py", line 84, in wrapper
    stdscr = initscr()
  File "/Library/Frameworks/Python.framework/Versions/3.8/lib/python3.8/curses/__init__.py", line 29, in initscr
    setupterm(term=_os.environ.get("TERM", "unknown"),
_curses.error: setupterm: could not find terminal
2020-12-30 09:08:38,051 - ERROR - Exception occurred while trying to use pick for user input.
Traceback (most recent call last):
  File "/Users/qr/OneDrive - University College London/COMP0066 - Intro Programming/Coursework Project/programming-cw/code/gp_func/gp_utilities.py", line 19, in user_select
    choice, index = pick(choices, prompt)
  File "/Users/qr/OneDrive - University College London/COMP0066 - Intro Programming/Coursework Project/programming-cw/venv/lib/python3.8/site-packages/pick/__init__.py", line 195, in pick
    return picker.start()
  File "/Users/qr/OneDrive - University College London/COMP0066 - Intro Programming/Coursework Project/programming-cw/venv/lib/python3.8/site-packages/pick/__init__.py", line 181, in start
    return curses.wrapper(self._start)
  File "/Library/Frameworks/Python.framework/Versions/3.8/lib/python3.8/curses/__init__.py", line 84, in wrapper
    stdscr = initscr()
  File "/Library/Frameworks/Python.framework/Versions/3.8/lib/python3.8/curses/__init__.py", line 29, in initscr
    setupterm(term=_os.environ.get("TERM", "unknown"),
_curses.error: setupterm: could not find terminal
2020-12-30 09:08:43,143 - ERROR - Exception occurred while trying to use pick for user input.
Traceback (most recent call last):
  File "/Users/qr/OneDrive - University College London/COMP0066 - Intro Programming/Coursework Project/programming-cw/code/gp_func/gp_utilities.py", line 19, in user_select
    choice, index = pick(choices, prompt)
  File "/Users/qr/OneDrive - University College London/COMP0066 - Intro Programming/Coursework Project/programming-cw/venv/lib/python3.8/site-packages/pick/__init__.py", line 195, in pick
    return picker.start()
  File "/Users/qr/OneDrive - University College London/COMP0066 - Intro Programming/Coursework Project/programming-cw/venv/lib/python3.8/site-packages/pick/__init__.py", line 181, in start
    return curses.wrapper(self._start)
  File "/Library/Frameworks/Python.framework/Versions/3.8/lib/python3.8/curses/__init__.py", line 84, in wrapper
    stdscr = initscr()
  File "/Library/Frameworks/Python.framework/Versions/3.8/lib/python3.8/curses/__init__.py", line 29, in initscr
    setupterm(term=_os.environ.get("TERM", "unknown"),
_curses.error: setupterm: could not find terminal
2020-12-30 09:08:46,522 - ERROR - Exception occurred while trying to use pick for user input.
Traceback (most recent call last):
  File "/Users/qr/OneDrive - University College London/COMP0066 - Intro Programming/Coursework Project/programming-cw/code/gp_func/gp_utilities.py", line 19, in user_select
    choice, index = pick(choices, prompt)
  File "/Users/qr/OneDrive - University College London/COMP0066 - Intro Programming/Coursework Project/programming-cw/venv/lib/python3.8/site-packages/pick/__init__.py", line 195, in pick
    return picker.start()
  File "/Users/qr/OneDrive - University College London/COMP0066 - Intro Programming/Coursework Project/programming-cw/venv/lib/python3.8/site-packages/pick/__init__.py", line 181, in start
    return curses.wrapper(self._start)
  File "/Library/Frameworks/Python.framework/Versions/3.8/lib/python3.8/curses/__init__.py", line 84, in wrapper
    stdscr = initscr()
  File "/Library/Frameworks/Python.framework/Versions/3.8/lib/python3.8/curses/__init__.py", line 29, in initscr
    setupterm(term=_os.environ.get("TERM", "unknown"),
_curses.error: setupterm: could not find terminal
2020-12-30 09:09:06,035 - ERROR - Exception occurred while trying to use pick for user input.
Traceback (most recent call last):
  File "/Users/qr/OneDrive - University College London/COMP0066 - Intro Programming/Coursework Project/programming-cw/code/gp_func/gp_utilities.py", line 19, in user_select
    choice, index = pick(choices, prompt)
  File "/Users/qr/OneDrive - University College London/COMP0066 - Intro Programming/Coursework Project/programming-cw/venv/lib/python3.8/site-packages/pick/__init__.py", line 195, in pick
    return picker.start()
  File "/Users/qr/OneDrive - University College London/COMP0066 - Intro Programming/Coursework Project/programming-cw/venv/lib/python3.8/site-packages/pick/__init__.py", line 181, in start
    return curses.wrapper(self._start)
  File "/Library/Frameworks/Python.framework/Versions/3.8/lib/python3.8/curses/__init__.py", line 84, in wrapper
    stdscr = initscr()
  File "/Library/Frameworks/Python.framework/Versions/3.8/lib/python3.8/curses/__init__.py", line 29, in initscr
    setupterm(term=_os.environ.get("TERM", "unknown"),
_curses.error: setupterm: could not find terminal
2020-12-30 09:12:20,571 - ERROR - Exception occurred while trying to use pick for user input.
Traceback (most recent call last):
  File "/Users/qr/OneDrive - University College London/COMP0066 - Intro Programming/Coursework Project/programming-cw/code/gp_func/gp_utilities.py", line 19, in user_select
    choice, index = pick(choices, prompt)
  File "/Users/qr/OneDrive - University College London/COMP0066 - Intro Programming/Coursework Project/programming-cw/venv/lib/python3.8/site-packages/pick/__init__.py", line 195, in pick
    return picker.start()
  File "/Users/qr/OneDrive - University College London/COMP0066 - Intro Programming/Coursework Project/programming-cw/venv/lib/python3.8/site-packages/pick/__init__.py", line 181, in start
    return curses.wrapper(self._start)
  File "/Library/Frameworks/Python.framework/Versions/3.8/lib/python3.8/curses/__init__.py", line 84, in wrapper
    stdscr = initscr()
  File "/Library/Frameworks/Python.framework/Versions/3.8/lib/python3.8/curses/__init__.py", line 29, in initscr
    setupterm(term=_os.environ.get("TERM", "unknown"),
_curses.error: setupterm: could not find terminal
2020-12-30 09:12:35,065 - ERROR - Exception occurred while trying to use pick for user input.
Traceback (most recent call last):
  File "/Users/qr/OneDrive - University College London/COMP0066 - Intro Programming/Coursework Project/programming-cw/code/gp_func/gp_utilities.py", line 19, in user_select
    choice, index = pick(choices, prompt)
  File "/Users/qr/OneDrive - University College London/COMP0066 - Intro Programming/Coursework Project/programming-cw/venv/lib/python3.8/site-packages/pick/__init__.py", line 195, in pick
    return picker.start()
  File "/Users/qr/OneDrive - University College London/COMP0066 - Intro Programming/Coursework Project/programming-cw/venv/lib/python3.8/site-packages/pick/__init__.py", line 181, in start
    return curses.wrapper(self._start)
  File "/Library/Frameworks/Python.framework/Versions/3.8/lib/python3.8/curses/__init__.py", line 84, in wrapper
    stdscr = initscr()
  File "/Library/Frameworks/Python.framework/Versions/3.8/lib/python3.8/curses/__init__.py", line 29, in initscr
    setupterm(term=_os.environ.get("TERM", "unknown"),
_curses.error: setupterm: could not find terminal
2020-12-30 09:13:29,916 - ERROR - Exception occurred while trying to use pick for user input.
Traceback (most recent call last):
  File "/Users/qr/OneDrive - University College London/COMP0066 - Intro Programming/Coursework Project/programming-cw/code/gp_func/gp_utilities.py", line 19, in user_select
    choice, index = pick(choices, prompt)
  File "/Users/qr/OneDrive - University College London/COMP0066 - Intro Programming/Coursework Project/programming-cw/venv/lib/python3.8/site-packages/pick/__init__.py", line 195, in pick
    return picker.start()
  File "/Users/qr/OneDrive - University College London/COMP0066 - Intro Programming/Coursework Project/programming-cw/venv/lib/python3.8/site-packages/pick/__init__.py", line 181, in start
    return curses.wrapper(self._start)
  File "/Library/Frameworks/Python.framework/Versions/3.8/lib/python3.8/curses/__init__.py", line 84, in wrapper
    stdscr = initscr()
  File "/Library/Frameworks/Python.framework/Versions/3.8/lib/python3.8/curses/__init__.py", line 29, in initscr
    setupterm(term=_os.environ.get("TERM", "unknown"),
_curses.error: setupterm: could not find terminal
2020-12-30 09:13:35,475 - ERROR - Exception occurred while trying to use pick for user input.
Traceback (most recent call last):
  File "/Users/qr/OneDrive - University College London/COMP0066 - Intro Programming/Coursework Project/programming-cw/code/gp_func/gp_utilities.py", line 19, in user_select
    choice, index = pick(choices, prompt)
  File "/Users/qr/OneDrive - University College London/COMP0066 - Intro Programming/Coursework Project/programming-cw/venv/lib/python3.8/site-packages/pick/__init__.py", line 195, in pick
    return picker.start()
  File "/Users/qr/OneDrive - University College London/COMP0066 - Intro Programming/Coursework Project/programming-cw/venv/lib/python3.8/site-packages/pick/__init__.py", line 181, in start
    return curses.wrapper(self._start)
  File "/Library/Frameworks/Python.framework/Versions/3.8/lib/python3.8/curses/__init__.py", line 84, in wrapper
    stdscr = initscr()
  File "/Library/Frameworks/Python.framework/Versions/3.8/lib/python3.8/curses/__init__.py", line 29, in initscr
    setupterm(term=_os.environ.get("TERM", "unknown"),
_curses.error: setupterm: could not find terminal
2020-12-30 09:13:38,491 - ERROR - Exception occurred while trying to use pick for user input.
Traceback (most recent call last):
  File "/Users/qr/OneDrive - University College London/COMP0066 - Intro Programming/Coursework Project/programming-cw/code/gp_func/gp_utilities.py", line 19, in user_select
    choice, index = pick(choices, prompt)
  File "/Users/qr/OneDrive - University College London/COMP0066 - Intro Programming/Coursework Project/programming-cw/venv/lib/python3.8/site-packages/pick/__init__.py", line 195, in pick
    return picker.start()
  File "/Users/qr/OneDrive - University College London/COMP0066 - Intro Programming/Coursework Project/programming-cw/venv/lib/python3.8/site-packages/pick/__init__.py", line 181, in start
    return curses.wrapper(self._start)
  File "/Library/Frameworks/Python.framework/Versions/3.8/lib/python3.8/curses/__init__.py", line 84, in wrapper
    stdscr = initscr()
  File "/Library/Frameworks/Python.framework/Versions/3.8/lib/python3.8/curses/__init__.py", line 29, in initscr
    setupterm(term=_os.environ.get("TERM", "unknown"),
_curses.error: setupterm: could not find terminal
2020-12-30 09:13:39,980 - ERROR - Exception occurred while trying to use pick for user input.
Traceback (most recent call last):
  File "/Users/qr/OneDrive - University College London/COMP0066 - Intro Programming/Coursework Project/programming-cw/code/gp_func/gp_utilities.py", line 19, in user_select
    choice, index = pick(choices, prompt)
  File "/Users/qr/OneDrive - University College London/COMP0066 - Intro Programming/Coursework Project/programming-cw/venv/lib/python3.8/site-packages/pick/__init__.py", line 195, in pick
    return picker.start()
  File "/Users/qr/OneDrive - University College London/COMP0066 - Intro Programming/Coursework Project/programming-cw/venv/lib/python3.8/site-packages/pick/__init__.py", line 181, in start
    return curses.wrapper(self._start)
  File "/Library/Frameworks/Python.framework/Versions/3.8/lib/python3.8/curses/__init__.py", line 84, in wrapper
    stdscr = initscr()
  File "/Library/Frameworks/Python.framework/Versions/3.8/lib/python3.8/curses/__init__.py", line 29, in initscr
    setupterm(term=_os.environ.get("TERM", "unknown"),
_curses.error: setupterm: could not find terminal
2020-12-30 09:13:46,172 - ERROR - Exception occurred while trying to use pick for user input.
Traceback (most recent call last):
  File "/Users/qr/OneDrive - University College London/COMP0066 - Intro Programming/Coursework Project/programming-cw/code/gp_func/gp_utilities.py", line 19, in user_select
    choice, index = pick(choices, prompt)
  File "/Users/qr/OneDrive - University College London/COMP0066 - Intro Programming/Coursework Project/programming-cw/venv/lib/python3.8/site-packages/pick/__init__.py", line 195, in pick
    return picker.start()
  File "/Users/qr/OneDrive - University College London/COMP0066 - Intro Programming/Coursework Project/programming-cw/venv/lib/python3.8/site-packages/pick/__init__.py", line 181, in start
    return curses.wrapper(self._start)
  File "/Library/Frameworks/Python.framework/Versions/3.8/lib/python3.8/curses/__init__.py", line 84, in wrapper
    stdscr = initscr()
  File "/Library/Frameworks/Python.framework/Versions/3.8/lib/python3.8/curses/__init__.py", line 29, in initscr
    setupterm(term=_os.environ.get("TERM", "unknown"),
_curses.error: setupterm: could not find terminal
2020-12-30 09:13:48,999 - ERROR - Exception occurred while trying to use pick for user input.
Traceback (most recent call last):
  File "/Users/qr/OneDrive - University College London/COMP0066 - Intro Programming/Coursework Project/programming-cw/code/gp_func/gp_utilities.py", line 19, in user_select
    choice, index = pick(choices, prompt)
  File "/Users/qr/OneDrive - University College London/COMP0066 - Intro Programming/Coursework Project/programming-cw/venv/lib/python3.8/site-packages/pick/__init__.py", line 195, in pick
    return picker.start()
  File "/Users/qr/OneDrive - University College London/COMP0066 - Intro Programming/Coursework Project/programming-cw/venv/lib/python3.8/site-packages/pick/__init__.py", line 181, in start
    return curses.wrapper(self._start)
  File "/Library/Frameworks/Python.framework/Versions/3.8/lib/python3.8/curses/__init__.py", line 84, in wrapper
    stdscr = initscr()
  File "/Library/Frameworks/Python.framework/Versions/3.8/lib/python3.8/curses/__init__.py", line 29, in initscr
    setupterm(term=_os.environ.get("TERM", "unknown"),
_curses.error: setupterm: could not find terminal
2020-12-30 09:13:57,430 - ERROR - Exception occurred while trying to use pick for user input.
Traceback (most recent call last):
  File "/Users/qr/OneDrive - University College London/COMP0066 - Intro Programming/Coursework Project/programming-cw/code/gp_func/gp_utilities.py", line 19, in user_select
    choice, index = pick(choices, prompt)
  File "/Users/qr/OneDrive - University College London/COMP0066 - Intro Programming/Coursework Project/programming-cw/venv/lib/python3.8/site-packages/pick/__init__.py", line 195, in pick
    return picker.start()
  File "/Users/qr/OneDrive - University College London/COMP0066 - Intro Programming/Coursework Project/programming-cw/venv/lib/python3.8/site-packages/pick/__init__.py", line 181, in start
    return curses.wrapper(self._start)
  File "/Library/Frameworks/Python.framework/Versions/3.8/lib/python3.8/curses/__init__.py", line 84, in wrapper
    stdscr = initscr()
  File "/Library/Frameworks/Python.framework/Versions/3.8/lib/python3.8/curses/__init__.py", line 29, in initscr
    setupterm(term=_os.environ.get("TERM", "unknown"),
_curses.error: setupterm: could not find terminal
2020-12-30 09:13:59,151 - ERROR - Exception occurred while trying to use pick for user input.
Traceback (most recent call last):
  File "/Users/qr/OneDrive - University College London/COMP0066 - Intro Programming/Coursework Project/programming-cw/code/gp_func/gp_utilities.py", line 19, in user_select
    choice, index = pick(choices, prompt)
  File "/Users/qr/OneDrive - University College London/COMP0066 - Intro Programming/Coursework Project/programming-cw/venv/lib/python3.8/site-packages/pick/__init__.py", line 195, in pick
    return picker.start()
  File "/Users/qr/OneDrive - University College London/COMP0066 - Intro Programming/Coursework Project/programming-cw/venv/lib/python3.8/site-packages/pick/__init__.py", line 181, in start
    return curses.wrapper(self._start)
  File "/Library/Frameworks/Python.framework/Versions/3.8/lib/python3.8/curses/__init__.py", line 84, in wrapper
    stdscr = initscr()
  File "/Library/Frameworks/Python.framework/Versions/3.8/lib/python3.8/curses/__init__.py", line 29, in initscr
    setupterm(term=_os.environ.get("TERM", "unknown"),
_curses.error: setupterm: could not find terminal
2020-12-30 09:14:02,517 - ERROR - Exception occurred while trying to use pick for user input.
Traceback (most recent call last):
  File "/Users/qr/OneDrive - University College London/COMP0066 - Intro Programming/Coursework Project/programming-cw/code/gp_func/gp_utilities.py", line 19, in user_select
    choice, index = pick(choices, prompt)
  File "/Users/qr/OneDrive - University College London/COMP0066 - Intro Programming/Coursework Project/programming-cw/venv/lib/python3.8/site-packages/pick/__init__.py", line 195, in pick
    return picker.start()
  File "/Users/qr/OneDrive - University College London/COMP0066 - Intro Programming/Coursework Project/programming-cw/venv/lib/python3.8/site-packages/pick/__init__.py", line 181, in start
    return curses.wrapper(self._start)
  File "/Library/Frameworks/Python.framework/Versions/3.8/lib/python3.8/curses/__init__.py", line 84, in wrapper
    stdscr = initscr()
  File "/Library/Frameworks/Python.framework/Versions/3.8/lib/python3.8/curses/__init__.py", line 29, in initscr
    setupterm(term=_os.environ.get("TERM", "unknown"),
_curses.error: setupterm: could not find terminal
2020-12-30 09:14:15,420 - ERROR - Exception occurred while trying to use pick for user input.
Traceback (most recent call last):
  File "/Users/qr/OneDrive - University College London/COMP0066 - Intro Programming/Coursework Project/programming-cw/code/gp_func/gp_utilities.py", line 19, in user_select
    choice, index = pick(choices, prompt)
  File "/Users/qr/OneDrive - University College London/COMP0066 - Intro Programming/Coursework Project/programming-cw/venv/lib/python3.8/site-packages/pick/__init__.py", line 195, in pick
    return picker.start()
  File "/Users/qr/OneDrive - University College London/COMP0066 - Intro Programming/Coursework Project/programming-cw/venv/lib/python3.8/site-packages/pick/__init__.py", line 181, in start
    return curses.wrapper(self._start)
  File "/Library/Frameworks/Python.framework/Versions/3.8/lib/python3.8/curses/__init__.py", line 84, in wrapper
    stdscr = initscr()
  File "/Library/Frameworks/Python.framework/Versions/3.8/lib/python3.8/curses/__init__.py", line 29, in initscr
    setupterm(term=_os.environ.get("TERM", "unknown"),
_curses.error: setupterm: could not find terminal
2020-12-30 09:15:39,528 - ERROR - Exception occurred while trying to use pick for user input.
Traceback (most recent call last):
  File "/Users/qr/OneDrive - University College London/COMP0066 - Intro Programming/Coursework Project/programming-cw/code/gp_func/gp_utilities.py", line 19, in user_select
    choice, index = pick(choices, prompt)
  File "/Users/qr/OneDrive - University College London/COMP0066 - Intro Programming/Coursework Project/programming-cw/venv/lib/python3.8/site-packages/pick/__init__.py", line 195, in pick
    return picker.start()
  File "/Users/qr/OneDrive - University College London/COMP0066 - Intro Programming/Coursework Project/programming-cw/venv/lib/python3.8/site-packages/pick/__init__.py", line 181, in start
    return curses.wrapper(self._start)
  File "/Library/Frameworks/Python.framework/Versions/3.8/lib/python3.8/curses/__init__.py", line 84, in wrapper
    stdscr = initscr()
  File "/Library/Frameworks/Python.framework/Versions/3.8/lib/python3.8/curses/__init__.py", line 29, in initscr
    setupterm(term=_os.environ.get("TERM", "unknown"),
_curses.error: setupterm: could not find terminal
2020-12-30 09:15:47,894 - ERROR - Exception occurred while trying to use pick for user input.
Traceback (most recent call last):
  File "/Users/qr/OneDrive - University College London/COMP0066 - Intro Programming/Coursework Project/programming-cw/code/gp_func/gp_utilities.py", line 19, in user_select
    choice, index = pick(choices, prompt)
  File "/Users/qr/OneDrive - University College London/COMP0066 - Intro Programming/Coursework Project/programming-cw/venv/lib/python3.8/site-packages/pick/__init__.py", line 195, in pick
    return picker.start()
  File "/Users/qr/OneDrive - University College London/COMP0066 - Intro Programming/Coursework Project/programming-cw/venv/lib/python3.8/site-packages/pick/__init__.py", line 181, in start
    return curses.wrapper(self._start)
  File "/Library/Frameworks/Python.framework/Versions/3.8/lib/python3.8/curses/__init__.py", line 84, in wrapper
    stdscr = initscr()
  File "/Library/Frameworks/Python.framework/Versions/3.8/lib/python3.8/curses/__init__.py", line 29, in initscr
    setupterm(term=_os.environ.get("TERM", "unknown"),
_curses.error: setupterm: could not find terminal
2020-12-30 09:18:01,212 - ERROR - Exception occurred while trying to use pick for user input.
Traceback (most recent call last):
  File "/Users/qr/OneDrive - University College London/COMP0066 - Intro Programming/Coursework Project/programming-cw/code/gp_func/gp_utilities.py", line 19, in user_select
    choice, index = pick(choices, prompt)
  File "/Users/qr/OneDrive - University College London/COMP0066 - Intro Programming/Coursework Project/programming-cw/venv/lib/python3.8/site-packages/pick/__init__.py", line 195, in pick
    return picker.start()
  File "/Users/qr/OneDrive - University College London/COMP0066 - Intro Programming/Coursework Project/programming-cw/venv/lib/python3.8/site-packages/pick/__init__.py", line 181, in start
    return curses.wrapper(self._start)
  File "/Library/Frameworks/Python.framework/Versions/3.8/lib/python3.8/curses/__init__.py", line 84, in wrapper
    stdscr = initscr()
  File "/Library/Frameworks/Python.framework/Versions/3.8/lib/python3.8/curses/__init__.py", line 29, in initscr
    setupterm(term=_os.environ.get("TERM", "unknown"),
_curses.error: setupterm: could not find terminal
2020-12-30 09:18:04,232 - ERROR - Exception occurred while trying to use pick for user input.
Traceback (most recent call last):
  File "/Users/qr/OneDrive - University College London/COMP0066 - Intro Programming/Coursework Project/programming-cw/code/gp_func/gp_utilities.py", line 19, in user_select
    choice, index = pick(choices, prompt)
  File "/Users/qr/OneDrive - University College London/COMP0066 - Intro Programming/Coursework Project/programming-cw/venv/lib/python3.8/site-packages/pick/__init__.py", line 195, in pick
    return picker.start()
  File "/Users/qr/OneDrive - University College London/COMP0066 - Intro Programming/Coursework Project/programming-cw/venv/lib/python3.8/site-packages/pick/__init__.py", line 181, in start
    return curses.wrapper(self._start)
  File "/Library/Frameworks/Python.framework/Versions/3.8/lib/python3.8/curses/__init__.py", line 84, in wrapper
    stdscr = initscr()
  File "/Library/Frameworks/Python.framework/Versions/3.8/lib/python3.8/curses/__init__.py", line 29, in initscr
    setupterm(term=_os.environ.get("TERM", "unknown"),
_curses.error: setupterm: could not find terminal
2020-12-30 09:18:15,263 - ERROR - Exception occurred while trying to use pick for user input.
Traceback (most recent call last):
  File "/Users/qr/OneDrive - University College London/COMP0066 - Intro Programming/Coursework Project/programming-cw/code/gp_func/gp_utilities.py", line 19, in user_select
    choice, index = pick(choices, prompt)
  File "/Users/qr/OneDrive - University College London/COMP0066 - Intro Programming/Coursework Project/programming-cw/venv/lib/python3.8/site-packages/pick/__init__.py", line 195, in pick
    return picker.start()
  File "/Users/qr/OneDrive - University College London/COMP0066 - Intro Programming/Coursework Project/programming-cw/venv/lib/python3.8/site-packages/pick/__init__.py", line 181, in start
    return curses.wrapper(self._start)
  File "/Library/Frameworks/Python.framework/Versions/3.8/lib/python3.8/curses/__init__.py", line 84, in wrapper
    stdscr = initscr()
  File "/Library/Frameworks/Python.framework/Versions/3.8/lib/python3.8/curses/__init__.py", line 29, in initscr
    setupterm(term=_os.environ.get("TERM", "unknown"),
_curses.error: setupterm: could not find terminal
2020-12-30 09:18:19,844 - ERROR - Exception occurred while trying to use pick for user input.
Traceback (most recent call last):
  File "/Users/qr/OneDrive - University College London/COMP0066 - Intro Programming/Coursework Project/programming-cw/code/gp_func/gp_utilities.py", line 19, in user_select
    choice, index = pick(choices, prompt)
  File "/Users/qr/OneDrive - University College London/COMP0066 - Intro Programming/Coursework Project/programming-cw/venv/lib/python3.8/site-packages/pick/__init__.py", line 195, in pick
    return picker.start()
  File "/Users/qr/OneDrive - University College London/COMP0066 - Intro Programming/Coursework Project/programming-cw/venv/lib/python3.8/site-packages/pick/__init__.py", line 181, in start
    return curses.wrapper(self._start)
  File "/Library/Frameworks/Python.framework/Versions/3.8/lib/python3.8/curses/__init__.py", line 84, in wrapper
    stdscr = initscr()
  File "/Library/Frameworks/Python.framework/Versions/3.8/lib/python3.8/curses/__init__.py", line 29, in initscr
    setupterm(term=_os.environ.get("TERM", "unknown"),
_curses.error: setupterm: could not find terminal
2020-12-30 09:18:21,868 - ERROR - Exception occurred while trying to use pick for user input.
Traceback (most recent call last):
  File "/Users/qr/OneDrive - University College London/COMP0066 - Intro Programming/Coursework Project/programming-cw/code/gp_func/gp_utilities.py", line 19, in user_select
    choice, index = pick(choices, prompt)
  File "/Users/qr/OneDrive - University College London/COMP0066 - Intro Programming/Coursework Project/programming-cw/venv/lib/python3.8/site-packages/pick/__init__.py", line 195, in pick
    return picker.start()
  File "/Users/qr/OneDrive - University College London/COMP0066 - Intro Programming/Coursework Project/programming-cw/venv/lib/python3.8/site-packages/pick/__init__.py", line 181, in start
    return curses.wrapper(self._start)
  File "/Library/Frameworks/Python.framework/Versions/3.8/lib/python3.8/curses/__init__.py", line 84, in wrapper
    stdscr = initscr()
  File "/Library/Frameworks/Python.framework/Versions/3.8/lib/python3.8/curses/__init__.py", line 29, in initscr
    setupterm(term=_os.environ.get("TERM", "unknown"),
_curses.error: setupterm: could not find terminal
2020-12-30 09:18:23,623 - ERROR - Exception occurred while trying to use pick for user input.
Traceback (most recent call last):
  File "/Users/qr/OneDrive - University College London/COMP0066 - Intro Programming/Coursework Project/programming-cw/code/gp_func/gp_utilities.py", line 19, in user_select
    choice, index = pick(choices, prompt)
  File "/Users/qr/OneDrive - University College London/COMP0066 - Intro Programming/Coursework Project/programming-cw/venv/lib/python3.8/site-packages/pick/__init__.py", line 195, in pick
    return picker.start()
  File "/Users/qr/OneDrive - University College London/COMP0066 - Intro Programming/Coursework Project/programming-cw/venv/lib/python3.8/site-packages/pick/__init__.py", line 181, in start
    return curses.wrapper(self._start)
  File "/Library/Frameworks/Python.framework/Versions/3.8/lib/python3.8/curses/__init__.py", line 84, in wrapper
    stdscr = initscr()
  File "/Library/Frameworks/Python.framework/Versions/3.8/lib/python3.8/curses/__init__.py", line 29, in initscr
    setupterm(term=_os.environ.get("TERM", "unknown"),
_curses.error: setupterm: could not find terminal
2020-12-30 09:18:28,581 - ERROR - Exception occurred while trying to use pick for user input.
Traceback (most recent call last):
  File "/Users/qr/OneDrive - University College London/COMP0066 - Intro Programming/Coursework Project/programming-cw/code/gp_func/gp_utilities.py", line 19, in user_select
    choice, index = pick(choices, prompt)
  File "/Users/qr/OneDrive - University College London/COMP0066 - Intro Programming/Coursework Project/programming-cw/venv/lib/python3.8/site-packages/pick/__init__.py", line 195, in pick
    return picker.start()
  File "/Users/qr/OneDrive - University College London/COMP0066 - Intro Programming/Coursework Project/programming-cw/venv/lib/python3.8/site-packages/pick/__init__.py", line 181, in start
    return curses.wrapper(self._start)
  File "/Library/Frameworks/Python.framework/Versions/3.8/lib/python3.8/curses/__init__.py", line 84, in wrapper
    stdscr = initscr()
  File "/Library/Frameworks/Python.framework/Versions/3.8/lib/python3.8/curses/__init__.py", line 29, in initscr
    setupterm(term=_os.environ.get("TERM", "unknown"),
_curses.error: setupterm: could not find terminal
2020-12-30 09:18:36,117 - ERROR - Exception occurred while trying to use pick for user input.
Traceback (most recent call last):
  File "/Users/qr/OneDrive - University College London/COMP0066 - Intro Programming/Coursework Project/programming-cw/code/gp_func/gp_utilities.py", line 19, in user_select
    choice, index = pick(choices, prompt)
  File "/Users/qr/OneDrive - University College London/COMP0066 - Intro Programming/Coursework Project/programming-cw/venv/lib/python3.8/site-packages/pick/__init__.py", line 195, in pick
    return picker.start()
  File "/Users/qr/OneDrive - University College London/COMP0066 - Intro Programming/Coursework Project/programming-cw/venv/lib/python3.8/site-packages/pick/__init__.py", line 181, in start
    return curses.wrapper(self._start)
  File "/Library/Frameworks/Python.framework/Versions/3.8/lib/python3.8/curses/__init__.py", line 84, in wrapper
    stdscr = initscr()
  File "/Library/Frameworks/Python.framework/Versions/3.8/lib/python3.8/curses/__init__.py", line 29, in initscr
    setupterm(term=_os.environ.get("TERM", "unknown"),
_curses.error: setupterm: could not find terminal
2020-12-30 09:20:54,517 - ERROR - Exception occurred while trying to use pick for user input.
Traceback (most recent call last):
  File "/Users/qr/OneDrive - University College London/COMP0066 - Intro Programming/Coursework Project/programming-cw/code/gp_func/gp_utilities.py", line 19, in user_select
    choice, index = pick(choices, prompt)
  File "/Users/qr/OneDrive - University College London/COMP0066 - Intro Programming/Coursework Project/programming-cw/venv/lib/python3.8/site-packages/pick/__init__.py", line 195, in pick
    return picker.start()
  File "/Users/qr/OneDrive - University College London/COMP0066 - Intro Programming/Coursework Project/programming-cw/venv/lib/python3.8/site-packages/pick/__init__.py", line 181, in start
    return curses.wrapper(self._start)
  File "/Library/Frameworks/Python.framework/Versions/3.8/lib/python3.8/curses/__init__.py", line 84, in wrapper
    stdscr = initscr()
  File "/Library/Frameworks/Python.framework/Versions/3.8/lib/python3.8/curses/__init__.py", line 29, in initscr
    setupterm(term=_os.environ.get("TERM", "unknown"),
_curses.error: setupterm: could not find terminal
2020-12-30 09:20:59,353 - ERROR - Exception occurred while trying to use pick for user input.
Traceback (most recent call last):
  File "/Users/qr/OneDrive - University College London/COMP0066 - Intro Programming/Coursework Project/programming-cw/code/gp_func/gp_utilities.py", line 19, in user_select
    choice, index = pick(choices, prompt)
  File "/Users/qr/OneDrive - University College London/COMP0066 - Intro Programming/Coursework Project/programming-cw/venv/lib/python3.8/site-packages/pick/__init__.py", line 195, in pick
    return picker.start()
  File "/Users/qr/OneDrive - University College London/COMP0066 - Intro Programming/Coursework Project/programming-cw/venv/lib/python3.8/site-packages/pick/__init__.py", line 181, in start
    return curses.wrapper(self._start)
  File "/Library/Frameworks/Python.framework/Versions/3.8/lib/python3.8/curses/__init__.py", line 84, in wrapper
    stdscr = initscr()
  File "/Library/Frameworks/Python.framework/Versions/3.8/lib/python3.8/curses/__init__.py", line 29, in initscr
    setupterm(term=_os.environ.get("TERM", "unknown"),
_curses.error: setupterm: could not find terminal
